2025-05-04 20:24:22,414 - INFO - Starting automation script
2025-05-04 20:24:23,371 - INFO - ========== Valid login ==========
2025-05-04 20:24:23,857 - INFO - Login with user_name 'standard_user', password 'secret_sauce'
2025-05-04 20:24:23,916 - INFO - 'Username' text box filled with text 'standard_user'
2025-05-04 20:24:23,945 - INFO - 'Password' text box filled with text 'secret_sauce'
2025-05-04 20:24:24,029 - INFO - 'Login' button clicked
2025-05-04 20:24:24,044 - INFO - ========== Invalid logins ==========
2025-05-04 20:24:24,116 - INFO - Login with user_name 'problem_user', password 'not_valid_password'
2025-05-04 20:24:24,154 - INFO - 'Username' text box filled with text 'problem_user'
2025-05-04 20:24:24,180 - INFO - 'Password' text box filled with text 'not_valid_password'
2025-05-04 20:24:24,239 - INFO - 'Login' button clicked
2025-05-04 20:24:24,414 - ERROR - Login error: Epic sadface: Username and password do not match any user in this service. Screenshot: automation_screenshots\screenshot1.png
2025-05-04 20:24:24,446 - INFO - Login with user_name 'locked_out_user', password 'secret_sauce'
2025-05-04 20:24:24,479 - INFO - 'Username' text box filled with text 'locked_out_user'
2025-05-04 20:24:24,498 - INFO - 'Password' text box filled with text 'secret_sauce'
2025-05-04 20:24:24,532 - INFO - 'Login' button clicked
2025-05-04 20:24:24,646 - ERROR - Login error: Epic sadface: Sorry, this user has been locked out.. Screenshot: automation_screenshots\screenshot2.png
2025-05-04 20:24:24,699 - INFO - Login with user_name '', password 'secret_sauce'
2025-05-04 20:24:24,737 - INFO - 'Username' text box filled with text ''
2025-05-04 20:24:24,749 - INFO - 'Password' text box filled with text 'secret_sauce'
2025-05-04 20:24:24,776 - INFO - 'Login' button clicked
2025-05-04 20:24:24,872 - ERROR - Login error: Epic sadface: Username is required. Screenshot: automation_screenshots\screenshot3.png
2025-05-04 20:24:24,918 - INFO - Login with user_name 'standard_user', password ''
2025-05-04 20:24:24,950 - INFO - 'Username' text box filled with text 'standard_user'
2025-05-04 20:24:24,963 - INFO - 'Password' text box filled with text ''
2025-05-04 20:24:24,993 - INFO - 'Login' button clicked
2025-05-04 20:24:25,082 - ERROR - Login error: Epic sadface: Password is required. Screenshot: automation_screenshots\screenshot4.png
2025-05-04 20:24:25,082 - INFO - ========== Extract product names and prices ==========
2025-05-04 20:24:25,115 - INFO - Login with user_name 'standard_user', password 'secret_sauce'
2025-05-04 20:24:25,144 - INFO - 'Username' text box filled with text 'standard_user'
2025-05-04 20:24:25,170 - INFO - 'Password' text box filled with text 'secret_sauce'
2025-05-04 20:24:25,232 - INFO - 'Login' button clicked
2025-05-04 20:24:25,320 - INFO - ========== Go to cart and simulate empty checkout ==========
2025-05-04 20:24:25,401 - INFO - 'Shopping Cart' button clicked
2025-05-04 20:24:25,437 - INFO - 'Checkout' button clicked
2025-05-04 20:24:25,437 - INFO - Checkout with first_name '', last_name '', postal_code ''
2025-05-04 20:24:25,469 - INFO - 'Continue' button clicked
2025-05-04 20:24:25,623 - ERROR - Login error: Error: First Name is required. Screenshot: automation_screenshots\screenshot5.png
2025-05-04 20:24:25,877 - INFO - Script completed
